[2018-09-10 10:57:14.742] [INFO] app - 数据库操作失败:
Error: ER_WRONG_VALUE_COUNT_ON_ROW: Column count doesn't match value count at row 1
[2018-09-10 10:57:14.743] [INFO] app - 添加一条弱覆盖信息或导入弱覆盖记录失败:
Error: ER_WRONG_VALUE_COUNT_ON_ROW: Column count doesn't match value count at row 1
[2018-09-10 10:57:14.743] [INFO] app - 数据库操作失败:
Error: ER_WRONG_VALUE_COUNT_ON_ROW: Column count doesn't match value count at row 1
[2018-09-10 10:57:14.743] [INFO] app - 添加一条弱覆盖信息或导入弱覆盖记录失败:
Error: ER_WRONG_VALUE_COUNT_ON_ROW: Column count doesn't match value count at row 1
[2018-09-10 10:57:14.743] [INFO] app - 数据库操作失败:
Error: ER_WRONG_VALUE_COUNT_ON_ROW: Column count doesn't match value count at row 1
[2018-09-10 10:57:14.744] [INFO] app - 添加一条弱覆盖信息或导入弱覆盖记录失败:
Error: ER_WRONG_VALUE_COUNT_ON_ROW: Column count doesn't match value count at row 1
[2018-09-10 10:57:14.744] [INFO] app - 数据库操作失败:
Error: ER_WRONG_VALUE_COUNT_ON_ROW: Column count doesn't match value count at row 1
[2018-09-10 10:57:14.744] [INFO] app - 添加一条弱覆盖信息或导入弱覆盖记录失败:
Error: ER_WRONG_VALUE_COUNT_ON_ROW: Column count doesn't match value count at row 1
[2018-09-10 10:57:14.744] [INFO] app - 数据库操作失败:
Error: ER_WRONG_VALUE_COUNT_ON_ROW: Column count doesn't match value count at row 1
[2018-09-10 10:57:14.744] [INFO] app - 添加一条弱覆盖信息或导入弱覆盖记录失败:
Error: ER_WRONG_VALUE_COUNT_ON_ROW: Column count doesn't match value count at row 1
[2018-09-10 10:57:14.744] [INFO] app - 数据库操作失败:
Error: ER_WRONG_VALUE_COUNT_ON_ROW: Column count doesn't match value count at row 1
[2018-09-10 10:57:14.745] [INFO] app - 添加一条弱覆盖信息或导入弱覆盖记录失败:
Error: ER_WRONG_VALUE_COUNT_ON_ROW: Column count doesn't match value count at row 1
[2018-09-10 10:57:14.745] [INFO] app - 数据库操作失败:
Error: ER_WRONG_VALUE_COUNT_ON_ROW: Column count doesn't match value count at row 1
[2018-09-10 10:57:14.745] [INFO] app - 添加一条弱覆盖信息或导入弱覆盖记录失败:
Error: ER_WRONG_VALUE_COUNT_ON_ROW: Column count doesn't match value count at row 1
[2018-09-10 10:57:14.746] [INFO] app - 数据库操作失败:
Error: ER_WRONG_VALUE_COUNT_ON_ROW: Column count doesn't match value count at row 1
[2018-09-10 10:57:14.746] [INFO] app - 添加一条弱覆盖信息或导入弱覆盖记录失败:
Error: ER_WRONG_VALUE_COUNT_ON_ROW: Column count doesn't match value count at row 1
[2018-09-10 14:39:42.900] [INFO] app - 数据库操作失败:
Error: ER_WRONG_VALUE_COUNT_ON_ROW: Column count doesn't match value count at row 1
[2018-09-10 14:39:42.900] [INFO] app - 添加一条弱覆盖信息或导入弱覆盖记录失败:
Error: ER_WRONG_VALUE_COUNT_ON_ROW: Column count doesn't match value count at row 1
[2018-09-10 14:39:42.901] [INFO] app - 数据库操作失败:
Error: ER_WRONG_VALUE_COUNT_ON_ROW: Column count doesn't match value count at row 1
[2018-09-10 14:39:42.901] [INFO] app - 添加一条弱覆盖信息或导入弱覆盖记录失败:
Error: ER_WRONG_VALUE_COUNT_ON_ROW: Column count doesn't match value count at row 1
[2018-09-10 14:39:42.901] [INFO] app - 数据库操作失败:
Error: ER_WRONG_VALUE_COUNT_ON_ROW: Column count doesn't match value count at row 1
[2018-09-10 14:39:42.902] [INFO] app - 添加一条弱覆盖信息或导入弱覆盖记录失败:
Error: ER_WRONG_VALUE_COUNT_ON_ROW: Column count doesn't match value count at row 1
[2018-09-10 14:39:42.902] [INFO] app - 数据库操作失败:
Error: ER_WRONG_VALUE_COUNT_ON_ROW: Column count doesn't match value count at row 1
[2018-09-10 14:39:42.902] [INFO] app - 添加一条弱覆盖信息或导入弱覆盖记录失败:
Error: ER_WRONG_VALUE_COUNT_ON_ROW: Column count doesn't match value count at row 1
[2018-09-10 14:39:42.902] [INFO] app - 数据库操作失败:
Error: ER_WRONG_VALUE_COUNT_ON_ROW: Column count doesn't match value count at row 1
[2018-09-10 14:39:42.902] [INFO] app - 添加一条弱覆盖信息或导入弱覆盖记录失败:
Error: ER_WRONG_VALUE_COUNT_ON_ROW: Column count doesn't match value count at row 1
[2018-09-10 14:39:42.903] [INFO] app - 数据库操作失败:
Error: ER_WRONG_VALUE_COUNT_ON_ROW: Column count doesn't match value count at row 1
[2018-09-10 14:39:42.903] [INFO] app - 添加一条弱覆盖信息或导入弱覆盖记录失败:
Error: ER_WRONG_VALUE_COUNT_ON_ROW: Column count doesn't match value count at row 1
[2018-09-10 14:39:42.903] [INFO] app - 数据库操作失败:
Error: ER_WRONG_VALUE_COUNT_ON_ROW: Column count doesn't match value count at row 1
[2018-09-10 14:39:42.903] [INFO] app - 添加一条弱覆盖信息或导入弱覆盖记录失败:
Error: ER_WRONG_VALUE_COUNT_ON_ROW: Column count doesn't match value count at row 1
[2018-09-10 14:39:42.904] [INFO] app - 数据库操作失败:
Error: ER_WRONG_VALUE_COUNT_ON_ROW: Column count doesn't match value count at row 1
[2018-09-10 14:39:42.904] [INFO] app - 添加一条弱覆盖信息或导入弱覆盖记录失败:
Error: ER_WRONG_VALUE_COUNT_ON_ROW: Column count doesn't match value count at row 1
[2018-09-10 14:42:27.043] [INFO] app - 数据库操作失败:
Error: ER_WRONG_VALUE_COUNT_ON_ROW: Column count doesn't match value count at row 1
[2018-09-10 14:42:27.043] [INFO] app - 添加一条弱覆盖信息或导入弱覆盖记录失败:
Error: ER_WRONG_VALUE_COUNT_ON_ROW: Column count doesn't match value count at row 1
[2018-09-10 14:42:27.043] [INFO] app - 数据库操作失败:
Error: ER_WRONG_VALUE_COUNT_ON_ROW: Column count doesn't match value count at row 1
[2018-09-10 14:42:27.043] [INFO] app - 添加一条弱覆盖信息或导入弱覆盖记录失败:
Error: ER_WRONG_VALUE_COUNT_ON_ROW: Column count doesn't match value count at row 1
[2018-09-10 14:42:27.044] [INFO] app - 数据库操作失败:
Error: ER_WRONG_VALUE_COUNT_ON_ROW: Column count doesn't match value count at row 1
[2018-09-10 14:42:27.044] [INFO] app - 添加一条弱覆盖信息或导入弱覆盖记录失败:
Error: ER_WRONG_VALUE_COUNT_ON_ROW: Column count doesn't match value count at row 1
[2018-09-10 14:42:27.044] [INFO] app - 数据库操作失败:
Error: ER_WRONG_VALUE_COUNT_ON_ROW: Column count doesn't match value count at row 1
[2018-09-10 14:42:27.044] [INFO] app - 添加一条弱覆盖信息或导入弱覆盖记录失败:
Error: ER_WRONG_VALUE_COUNT_ON_ROW: Column count doesn't match value count at row 1
[2018-09-10 14:42:27.045] [INFO] app - 数据库操作失败:
Error: ER_WRONG_VALUE_COUNT_ON_ROW: Column count doesn't match value count at row 1
[2018-09-10 14:42:27.045] [INFO] app - 添加一条弱覆盖信息或导入弱覆盖记录失败:
Error: ER_WRONG_VALUE_COUNT_ON_ROW: Column count doesn't match value count at row 1
[2018-09-10 14:42:27.045] [INFO] app - 数据库操作失败:
Error: ER_WRONG_VALUE_COUNT_ON_ROW: Column count doesn't match value count at row 1
[2018-09-10 14:42:27.045] [INFO] app - 添加一条弱覆盖信息或导入弱覆盖记录失败:
Error: ER_WRONG_VALUE_COUNT_ON_ROW: Column count doesn't match value count at row 1
[2018-09-10 14:42:27.046] [INFO] app - 数据库操作失败:
Error: ER_WRONG_VALUE_COUNT_ON_ROW: Column count doesn't match value count at row 1
[2018-09-10 14:42:27.046] [INFO] app - 添加一条弱覆盖信息或导入弱覆盖记录失败:
Error: ER_WRONG_VALUE_COUNT_ON_ROW: Column count doesn't match value count at row 1
[2018-09-10 14:42:27.046] [INFO] app - 数据库操作失败:
Error: ER_WRONG_VALUE_COUNT_ON_ROW: Column count doesn't match value count at row 1
[2018-09-10 14:42:27.046] [INFO] app - 添加一条弱覆盖信息或导入弱覆盖记录失败:
Error: ER_WRONG_VALUE_COUNT_ON_ROW: Column count doesn't match value count at row 1
[2018-09-10 14:42:38.715] [INFO] app - 数据库操作失败:
Error: ER_WRONG_VALUE_COUNT_ON_ROW: Column count doesn't match value count at row 1
[2018-09-10 14:42:38.715] [INFO] app - 添加一条弱覆盖信息或导入弱覆盖记录失败:
Error: ER_WRONG_VALUE_COUNT_ON_ROW: Column count doesn't match value count at row 1
[2018-09-10 14:42:38.716] [INFO] app - 数据库操作失败:
Error: ER_WRONG_VALUE_COUNT_ON_ROW: Column count doesn't match value count at row 1
[2018-09-10 14:42:38.716] [INFO] app - 添加一条弱覆盖信息或导入弱覆盖记录失败:
Error: ER_WRONG_VALUE_COUNT_ON_ROW: Column count doesn't match value count at row 1
[2018-09-10 14:42:38.716] [INFO] app - 数据库操作失败:
Error: ER_WRONG_VALUE_COUNT_ON_ROW: Column count doesn't match value count at row 1
[2018-09-10 14:42:38.716] [INFO] app - 添加一条弱覆盖信息或导入弱覆盖记录失败:
Error: ER_WRONG_VALUE_COUNT_ON_ROW: Column count doesn't match value count at row 1
[2018-09-10 14:42:38.716] [INFO] app - 数据库操作失败:
Error: ER_WRONG_VALUE_COUNT_ON_ROW: Column count doesn't match value count at row 1
[2018-09-10 14:42:38.716] [INFO] app - 添加一条弱覆盖信息或导入弱覆盖记录失败:
Error: ER_WRONG_VALUE_COUNT_ON_ROW: Column count doesn't match value count at row 1
[2018-09-10 14:42:38.716] [INFO] app - 数据库操作失败:
Error: ER_WRONG_VALUE_COUNT_ON_ROW: Column count doesn't match value count at row 1
[2018-09-10 14:42:38.717] [INFO] app - 添加一条弱覆盖信息或导入弱覆盖记录失败:
Error: ER_WRONG_VALUE_COUNT_ON_ROW: Column count doesn't match value count at row 1
[2018-09-10 14:42:38.717] [INFO] app - 数据库操作失败:
Error: ER_WRONG_VALUE_COUNT_ON_ROW: Column count doesn't match value count at row 1
[2018-09-10 14:42:38.717] [INFO] app - 添加一条弱覆盖信息或导入弱覆盖记录失败:
Error: ER_WRONG_VALUE_COUNT_ON_ROW: Column count doesn't match value count at row 1
[2018-09-10 14:42:38.717] [INFO] app - 数据库操作失败:
Error: ER_WRONG_VALUE_COUNT_ON_ROW: Column count doesn't match value count at row 1
[2018-09-10 14:42:38.717] [INFO] app - 添加一条弱覆盖信息或导入弱覆盖记录失败:
Error: ER_WRONG_VALUE_COUNT_ON_ROW: Column count doesn't match value count at row 1
[2018-09-10 14:42:38.717] [INFO] app - 数据库操作失败:
Error: ER_WRONG_VALUE_COUNT_ON_ROW: Column count doesn't match value count at row 1
[2018-09-10 14:42:38.717] [INFO] app - 添加一条弱覆盖信息或导入弱覆盖记录失败:
Error: ER_WRONG_VALUE_COUNT_ON_ROW: Column count doesn't match value count at row 1
[2018-09-10 14:52:15.911] [INFO] app - 数据库操作失败:
Error: ER_WRONG_VALUE_COUNT_ON_ROW: Column count doesn't match value count at row 1
[2018-09-10 14:52:15.911] [INFO] app - 添加一条弱覆盖信息或导入弱覆盖记录失败:
Error: ER_WRONG_VALUE_COUNT_ON_ROW: Column count doesn't match value count at row 1
[2018-09-10 14:52:15.911] [INFO] app - 数据库操作失败:
Error: ER_WRONG_VALUE_COUNT_ON_ROW: Column count doesn't match value count at row 1
[2018-09-10 14:52:15.911] [INFO] app - 添加一条弱覆盖信息或导入弱覆盖记录失败:
Error: ER_WRONG_VALUE_COUNT_ON_ROW: Column count doesn't match value count at row 1
[2018-09-10 14:52:15.911] [INFO] app - 数据库操作失败:
Error: ER_WRONG_VALUE_COUNT_ON_ROW: Column count doesn't match value count at row 1
[2018-09-10 14:52:15.911] [INFO] app - 添加一条弱覆盖信息或导入弱覆盖记录失败:
Error: ER_WRONG_VALUE_COUNT_ON_ROW: Column count doesn't match value count at row 1
[2018-09-10 14:52:15.912] [INFO] app - 数据库操作失败:
Error: ER_WRONG_VALUE_COUNT_ON_ROW: Column count doesn't match value count at row 1
[2018-09-10 14:52:15.912] [INFO] app - 添加一条弱覆盖信息或导入弱覆盖记录失败:
Error: ER_WRONG_VALUE_COUNT_ON_ROW: Column count doesn't match value count at row 1
[2018-09-10 14:52:15.912] [INFO] app - 数据库操作失败:
Error: ER_WRONG_VALUE_COUNT_ON_ROW: Column count doesn't match value count at row 1
[2018-09-10 14:52:15.912] [INFO] app - 添加一条弱覆盖信息或导入弱覆盖记录失败:
Error: ER_WRONG_VALUE_COUNT_ON_ROW: Column count doesn't match value count at row 1
[2018-09-10 14:52:15.912] [INFO] app - 数据库操作失败:
Error: ER_WRONG_VALUE_COUNT_ON_ROW: Column count doesn't match value count at row 1
[2018-09-10 14:52:15.913] [INFO] app - 添加一条弱覆盖信息或导入弱覆盖记录失败:
Error: ER_WRONG_VALUE_COUNT_ON_ROW: Column count doesn't match value count at row 1
[2018-09-10 14:52:15.913] [INFO] app - 数据库操作失败:
Error: ER_WRONG_VALUE_COUNT_ON_ROW: Column count doesn't match value count at row 1
[2018-09-10 14:52:15.913] [INFO] app - 添加一条弱覆盖信息或导入弱覆盖记录失败:
Error: ER_WRONG_VALUE_COUNT_ON_ROW: Column count doesn't match value count at row 1
[2018-09-10 14:52:15.913] [INFO] app - 数据库操作失败:
Error: ER_WRONG_VALUE_COUNT_ON_ROW: Column count doesn't match value count at row 1
[2018-09-10 14:52:15.913] [INFO] app - 添加一条弱覆盖信息或导入弱覆盖记录失败:
Error: ER_WRONG_VALUE_COUNT_ON_ROW: Column count doesn't match value count at row 1
[2018-09-10 14:57:29.151] [INFO] app - 数据库操作失败:
Error: ER_BAD_FIELD_ERROR: Unknown column 'phoneNumbgiter' in 'field list'
[2018-09-10 14:57:29.152] [INFO] app - 添加一条弱覆盖信息或导入弱覆盖记录失败:
Error: ER_BAD_FIELD_ERROR: Unknown column 'phoneNumbgiter' in 'field list'
[2018-09-10 14:57:29.152] [INFO] app - 数据库操作失败:
Error: ER_BAD_FIELD_ERROR: Unknown column 'phoneNumbgiter' in 'field list'
[2018-09-10 14:57:29.153] [INFO] app - 添加一条弱覆盖信息或导入弱覆盖记录失败:
Error: ER_BAD_FIELD_ERROR: Unknown column 'phoneNumbgiter' in 'field list'
[2018-09-10 14:57:29.153] [INFO] app - 数据库操作失败:
Error: ER_BAD_FIELD_ERROR: Unknown column 'phoneNumbgiter' in 'field list'
[2018-09-10 14:57:29.153] [INFO] app - 添加一条弱覆盖信息或导入弱覆盖记录失败:
Error: ER_BAD_FIELD_ERROR: Unknown column 'phoneNumbgiter' in 'field list'
[2018-09-10 14:57:29.153] [INFO] app - 数据库操作失败:
Error: ER_BAD_FIELD_ERROR: Unknown column 'phoneNumbgiter' in 'field list'
[2018-09-10 14:57:29.153] [INFO] app - 添加一条弱覆盖信息或导入弱覆盖记录失败:
Error: ER_BAD_FIELD_ERROR: Unknown column 'phoneNumbgiter' in 'field list'
[2018-09-10 14:57:29.154] [INFO] app - 数据库操作失败:
Error: ER_BAD_FIELD_ERROR: Unknown column 'phoneNumbgiter' in 'field list'
[2018-09-10 14:57:29.154] [INFO] app - 添加一条弱覆盖信息或导入弱覆盖记录失败:
Error: ER_BAD_FIELD_ERROR: Unknown column 'phoneNumbgiter' in 'field list'
[2018-09-10 14:57:29.154] [INFO] app - 数据库操作失败:
Error: ER_BAD_FIELD_ERROR: Unknown column 'phoneNumbgiter' in 'field list'
[2018-09-10 14:57:29.154] [INFO] app - 添加一条弱覆盖信息或导入弱覆盖记录失败:
Error: ER_BAD_FIELD_ERROR: Unknown column 'phoneNumbgiter' in 'field list'
[2018-09-10 14:57:29.155] [INFO] app - 数据库操作失败:
Error: ER_BAD_FIELD_ERROR: Unknown column 'phoneNumbgiter' in 'field list'
[2018-09-10 14:57:29.155] [INFO] app - 添加一条弱覆盖信息或导入弱覆盖记录失败:
Error: ER_BAD_FIELD_ERROR: Unknown column 'phoneNumbgiter' in 'field list'
[2018-09-10 14:57:29.155] [INFO] app - 数据库操作失败:
Error: ER_BAD_FIELD_ERROR: Unknown column 'phoneNumbgiter' in 'field list'
[2018-09-10 14:57:29.155] [INFO] app - 添加一条弱覆盖信息或导入弱覆盖记录失败:
Error: ER_BAD_FIELD_ERROR: Unknown column 'phoneNumbgiter' in 'field list'
[2018-09-10 15:08:16.178] [INFO] app - 数据库操作失败:
Error: ER_BAD_NULL_ERROR: Column 'ECI' cannot be null
[2018-09-10 15:08:16.178] [INFO] app - 添加一条弱覆盖信息或导入弱覆盖记录失败:
Error: ER_BAD_NULL_ERROR: Column 'ECI' cannot be null
[2018-09-10 15:08:16.179] [INFO] app - 数据库操作失败:
Error: ER_BAD_NULL_ERROR: Column 'ECI' cannot be null
[2018-09-10 15:08:16.179] [INFO] app - 添加一条弱覆盖信息或导入弱覆盖记录失败:
Error: ER_BAD_NULL_ERROR: Column 'ECI' cannot be null
[2018-09-10 15:08:16.181] [INFO] app - 数据库操作失败:
Error: ER_BAD_NULL_ERROR: Column 'ECI' cannot be null
[2018-09-10 15:08:16.181] [INFO] app - 添加一条弱覆盖信息或导入弱覆盖记录失败:
Error: ER_BAD_NULL_ERROR: Column 'ECI' cannot be null
[2018-09-10 15:08:16.181] [INFO] app - 数据库操作失败:
Error: ER_BAD_NULL_ERROR: Column 'ECI' cannot be null
[2018-09-10 15:08:16.181] [INFO] app - 添加一条弱覆盖信息或导入弱覆盖记录失败:
Error: ER_BAD_NULL_ERROR: Column 'ECI' cannot be null
[2018-09-10 15:08:16.181] [INFO] app - 数据库操作失败:
Error: ER_BAD_NULL_ERROR: Column 'ECI' cannot be null
[2018-09-10 15:08:16.181] [INFO] app - 添加一条弱覆盖信息或导入弱覆盖记录失败:
Error: ER_BAD_NULL_ERROR: Column 'ECI' cannot be null
[2018-09-10 15:08:16.182] [INFO] app - 数据库操作失败:
Error: ER_BAD_NULL_ERROR: Column 'ECI' cannot be null
[2018-09-10 15:08:16.182] [INFO] app - 添加一条弱覆盖信息或导入弱覆盖记录失败:
Error: ER_BAD_NULL_ERROR: Column 'ECI' cannot be null
[2018-09-10 15:08:16.184] [INFO] app - 数据库操作失败:
Error: ER_BAD_NULL_ERROR: Column 'ECI' cannot be null
[2018-09-10 15:08:16.184] [INFO] app - 添加一条弱覆盖信息或导入弱覆盖记录失败:
Error: ER_BAD_NULL_ERROR: Column 'ECI' cannot be null
[2018-09-10 15:08:16.184] [INFO] app - 数据库操作失败:
Error: ER_BAD_NULL_ERROR: Column 'ECI' cannot be null
[2018-09-10 15:08:16.184] [INFO] app - 添加一条弱覆盖信息或导入弱覆盖记录失败:
Error: ER_BAD_NULL_ERROR: Column 'ECI' cannot be null
[2018-09-10 15:13:41.967] [INFO] app - 数据库操作失败:
Error: ER_BAD_NULL_ERROR: Column 'ECI' cannot be null
[2018-09-10 15:13:41.967] [INFO] app - 添加一条弱覆盖信息或导入弱覆盖记录失败:
Error: ER_BAD_NULL_ERROR: Column 'ECI' cannot be null
[2018-09-10 15:13:41.969] [INFO] app - 数据库操作失败:
Error: ER_BAD_NULL_ERROR: Column 'ECI' cannot be null
[2018-09-10 15:13:41.970] [INFO] app - 添加一条弱覆盖信息或导入弱覆盖记录失败:
Error: ER_BAD_NULL_ERROR: Column 'ECI' cannot be null
[2018-09-10 15:13:41.970] [INFO] app - 数据库操作失败:
Error: ER_BAD_NULL_ERROR: Column 'ECI' cannot be null
[2018-09-10 15:13:41.970] [INFO] app - 添加一条弱覆盖信息或导入弱覆盖记录失败:
Error: ER_BAD_NULL_ERROR: Column 'ECI' cannot be null
[2018-09-10 15:13:41.970] [INFO] app - 数据库操作失败:
Error: ER_BAD_NULL_ERROR: Column 'ECI' cannot be null
[2018-09-10 15:13:41.971] [INFO] app - 添加一条弱覆盖信息或导入弱覆盖记录失败:
Error: ER_BAD_NULL_ERROR: Column 'ECI' cannot be null
[2018-09-10 15:13:41.971] [INFO] app - 数据库操作失败:
Error: ER_BAD_NULL_ERROR: Column 'ECI' cannot be null
[2018-09-10 15:13:41.971] [INFO] app - 添加一条弱覆盖信息或导入弱覆盖记录失败:
Error: ER_BAD_NULL_ERROR: Column 'ECI' cannot be null
[2018-09-10 15:13:41.971] [INFO] app - 数据库操作失败:
Error: ER_BAD_NULL_ERROR: Column 'ECI' cannot be null
[2018-09-10 15:13:41.971] [INFO] app - 添加一条弱覆盖信息或导入弱覆盖记录失败:
Error: ER_BAD_NULL_ERROR: Column 'ECI' cannot be null
[2018-09-10 15:13:41.972] [INFO] app - 数据库操作失败:
Error: ER_BAD_NULL_ERROR: Column 'ECI' cannot be null
[2018-09-10 15:13:41.972] [INFO] app - 添加一条弱覆盖信息或导入弱覆盖记录失败:
Error: ER_BAD_NULL_ERROR: Column 'ECI' cannot be null
[2018-09-10 15:13:41.972] [INFO] app - 数据库操作失败:
Error: ER_BAD_NULL_ERROR: Column 'ECI' cannot be null
[2018-09-10 15:13:41.972] [INFO] app - 添加一条弱覆盖信息或导入弱覆盖记录失败:
Error: ER_BAD_NULL_ERROR: Column 'ECI' cannot be null
[2018-09-10 15:15:48.987] [INFO] app - 文件读取失败:
ReferenceError: str is not defined
[2018-09-10 15:16:09.817] [INFO] app - 数据库操作失败:
Error: ER_BAD_NULL_ERROR: Column 'ECI' cannot be null
[2018-09-10 15:16:09.817] [INFO] app - 添加一条弱覆盖信息或导入弱覆盖记录失败:
Error: ER_BAD_NULL_ERROR: Column 'ECI' cannot be null
[2018-09-10 15:16:09.819] [INFO] app - 数据库操作失败:
Error: ER_BAD_NULL_ERROR: Column 'ECI' cannot be null
[2018-09-10 15:16:09.819] [INFO] app - 添加一条弱覆盖信息或导入弱覆盖记录失败:
Error: ER_BAD_NULL_ERROR: Column 'ECI' cannot be null
[2018-09-10 15:16:09.820] [INFO] app - 数据库操作失败:
Error: ER_BAD_NULL_ERROR: Column 'ECI' cannot be null
[2018-09-10 15:16:09.820] [INFO] app - 添加一条弱覆盖信息或导入弱覆盖记录失败:
Error: ER_BAD_NULL_ERROR: Column 'ECI' cannot be null
[2018-09-10 15:16:09.820] [INFO] app - 数据库操作失败:
Error: ER_BAD_NULL_ERROR: Column 'ECI' cannot be null
[2018-09-10 15:16:09.820] [INFO] app - 添加一条弱覆盖信息或导入弱覆盖记录失败:
Error: ER_BAD_NULL_ERROR: Column 'ECI' cannot be null
[2018-09-10 15:16:09.820] [INFO] app - 数据库操作失败:
Error: ER_BAD_NULL_ERROR: Column 'ECI' cannot be null
[2018-09-10 15:16:09.821] [INFO] app - 添加一条弱覆盖信息或导入弱覆盖记录失败:
Error: ER_BAD_NULL_ERROR: Column 'ECI' cannot be null
[2018-09-10 15:16:09.821] [INFO] app - 数据库操作失败:
Error: ER_BAD_NULL_ERROR: Column 'ECI' cannot be null
[2018-09-10 15:16:09.821] [INFO] app - 添加一条弱覆盖信息或导入弱覆盖记录失败:
Error: ER_BAD_NULL_ERROR: Column 'ECI' cannot be null
[2018-09-10 15:16:09.821] [INFO] app - 数据库操作失败:
Error: ER_BAD_NULL_ERROR: Column 'ECI' cannot be null
[2018-09-10 15:16:09.821] [INFO] app - 添加一条弱覆盖信息或导入弱覆盖记录失败:
Error: ER_BAD_NULL_ERROR: Column 'ECI' cannot be null
[2018-09-10 15:16:09.822] [INFO] app - 数据库操作失败:
Error: ER_BAD_NULL_ERROR: Column 'ECI' cannot be null
[2018-09-10 15:16:09.822] [INFO] app - 添加一条弱覆盖信息或导入弱覆盖记录失败:
Error: ER_BAD_NULL_ERROR: Column 'ECI' cannot be null
[2018-09-10 15:17:16.818] [INFO] app - 数据库操作失败:
Error: ER_BAD_NULL_ERROR: Column 'ECI' cannot be null
[2018-09-10 15:17:16.818] [INFO] app - 添加一条弱覆盖信息或导入弱覆盖记录失败:
Error: ER_BAD_NULL_ERROR: Column 'ECI' cannot be null
[2018-09-10 15:17:16.819] [INFO] app - 数据库操作失败:
Error: ER_BAD_NULL_ERROR: Column 'ECI' cannot be null
[2018-09-10 15:17:16.819] [INFO] app - 添加一条弱覆盖信息或导入弱覆盖记录失败:
Error: ER_BAD_NULL_ERROR: Column 'ECI' cannot be null
[2018-09-10 15:17:16.819] [INFO] app - 数据库操作失败:
Error: ER_BAD_NULL_ERROR: Column 'ECI' cannot be null
[2018-09-10 15:17:16.819] [INFO] app - 添加一条弱覆盖信息或导入弱覆盖记录失败:
Error: ER_BAD_NULL_ERROR: Column 'ECI' cannot be null
[2018-09-10 15:17:16.820] [INFO] app - 数据库操作失败:
Error: ER_BAD_NULL_ERROR: Column 'ECI' cannot be null
[2018-09-10 15:17:16.820] [INFO] app - 添加一条弱覆盖信息或导入弱覆盖记录失败:
Error: ER_BAD_NULL_ERROR: Column 'ECI' cannot be null
[2018-09-10 15:17:16.820] [INFO] app - 数据库操作失败:
Error: ER_BAD_NULL_ERROR: Column 'ECI' cannot be null
[2018-09-10 15:17:16.820] [INFO] app - 添加一条弱覆盖信息或导入弱覆盖记录失败:
Error: ER_BAD_NULL_ERROR: Column 'ECI' cannot be null
[2018-09-10 15:17:16.820] [INFO] app - 数据库操作失败:
Error: ER_BAD_NULL_ERROR: Column 'ECI' cannot be null
[2018-09-10 15:17:16.820] [INFO] app - 添加一条弱覆盖信息或导入弱覆盖记录失败:
Error: ER_BAD_NULL_ERROR: Column 'ECI' cannot be null
[2018-09-10 15:17:16.821] [INFO] app - 数据库操作失败:
Error: ER_BAD_NULL_ERROR: Column 'ECI' cannot be null
[2018-09-10 15:17:16.821] [INFO] app - 添加一条弱覆盖信息或导入弱覆盖记录失败:
Error: ER_BAD_NULL_ERROR: Column 'ECI' cannot be null
[2018-09-10 15:17:16.821] [INFO] app - 数据库操作失败:
Error: ER_BAD_NULL_ERROR: Column 'ECI' cannot be null
[2018-09-10 15:17:16.821] [INFO] app - 添加一条弱覆盖信息或导入弱覆盖记录失败:
Error: ER_BAD_NULL_ERROR: Column 'ECI' cannot be null
[2018-09-10 15:18:23.490] [INFO] app - 数据库操作失败:
Error: ER_BAD_NULL_ERROR: Column 'ECI' cannot be null
[2018-09-10 15:18:23.491] [INFO] app - 添加一条弱覆盖信息或导入弱覆盖记录失败:
Error: ER_BAD_NULL_ERROR: Column 'ECI' cannot be null
[2018-09-10 15:18:23.491] [INFO] app - 数据库操作失败:
Error: ER_BAD_NULL_ERROR: Column 'ECI' cannot be null
[2018-09-10 15:18:23.491] [INFO] app - 添加一条弱覆盖信息或导入弱覆盖记录失败:
Error: ER_BAD_NULL_ERROR: Column 'ECI' cannot be null
[2018-09-10 15:18:23.493] [INFO] app - 数据库操作失败:
Error: ER_BAD_NULL_ERROR: Column 'ECI' cannot be null
[2018-09-10 15:18:23.493] [INFO] app - 添加一条弱覆盖信息或导入弱覆盖记录失败:
Error: ER_BAD_NULL_ERROR: Column 'ECI' cannot be null
[2018-09-10 15:18:23.493] [INFO] app - 数据库操作失败:
Error: ER_BAD_NULL_ERROR: Column 'ECI' cannot be null
[2018-09-10 15:18:23.493] [INFO] app - 添加一条弱覆盖信息或导入弱覆盖记录失败:
Error: ER_BAD_NULL_ERROR: Column 'ECI' cannot be null
[2018-09-10 15:18:23.494] [INFO] app - 数据库操作失败:
Error: ER_BAD_NULL_ERROR: Column 'ECI' cannot be null
[2018-09-10 15:18:23.494] [INFO] app - 添加一条弱覆盖信息或导入弱覆盖记录失败:
Error: ER_BAD_NULL_ERROR: Column 'ECI' cannot be null
[2018-09-10 15:18:23.494] [INFO] app - 数据库操作失败:
Error: ER_BAD_NULL_ERROR: Column 'ECI' cannot be null
[2018-09-10 15:18:23.494] [INFO] app - 添加一条弱覆盖信息或导入弱覆盖记录失败:
Error: ER_BAD_NULL_ERROR: Column 'ECI' cannot be null
[2018-09-10 15:18:23.495] [INFO] app - 数据库操作失败:
Error: ER_BAD_NULL_ERROR: Column 'ECI' cannot be null
[2018-09-10 15:18:23.495] [INFO] app - 添加一条弱覆盖信息或导入弱覆盖记录失败:
Error: ER_BAD_NULL_ERROR: Column 'ECI' cannot be null
[2018-09-10 15:18:23.495] [INFO] app - 数据库操作失败:
Error: ER_BAD_NULL_ERROR: Column 'ECI' cannot be null
[2018-09-10 15:18:23.495] [INFO] app - 添加一条弱覆盖信息或导入弱覆盖记录失败:
Error: ER_BAD_NULL_ERROR: Column 'ECI' cannot be null
[2018-09-10 15:19:42.387] [INFO] app - 数据库操作失败:
Error: ER_BAD_NULL_ERROR: Column 'ECI' cannot be null
[2018-09-10 15:19:42.388] [INFO] app - 添加一条弱覆盖信息或导入弱覆盖记录失败:
Error: ER_BAD_NULL_ERROR: Column 'ECI' cannot be null
[2018-09-10 15:19:42.388] [INFO] app - 数据库操作失败:
Error: ER_BAD_NULL_ERROR: Column 'ECI' cannot be null
[2018-09-10 15:19:42.388] [INFO] app - 添加一条弱覆盖信息或导入弱覆盖记录失败:
Error: ER_BAD_NULL_ERROR: Column 'ECI' cannot be null
[2018-09-10 15:19:42.390] [INFO] app - 数据库操作失败:
Error: ER_BAD_NULL_ERROR: Column 'ECI' cannot be null
[2018-09-10 15:19:42.390] [INFO] app - 添加一条弱覆盖信息或导入弱覆盖记录失败:
Error: ER_BAD_NULL_ERROR: Column 'ECI' cannot be null
[2018-09-10 15:19:42.391] [INFO] app - 数据库操作失败:
Error: ER_BAD_NULL_ERROR: Column 'ECI' cannot be null
[2018-09-10 15:19:42.391] [INFO] app - 添加一条弱覆盖信息或导入弱覆盖记录失败:
Error: ER_BAD_NULL_ERROR: Column 'ECI' cannot be null
[2018-09-10 15:19:42.391] [INFO] app - 数据库操作失败:
Error: ER_BAD_NULL_ERROR: Column 'ECI' cannot be null
[2018-09-10 15:19:42.391] [INFO] app - 添加一条弱覆盖信息或导入弱覆盖记录失败:
Error: ER_BAD_NULL_ERROR: Column 'ECI' cannot be null
[2018-09-10 15:19:42.391] [INFO] app - 数据库操作失败:
Error: ER_BAD_NULL_ERROR: Column 'ECI' cannot be null
[2018-09-10 15:19:42.391] [INFO] app - 添加一条弱覆盖信息或导入弱覆盖记录失败:
Error: ER_BAD_NULL_ERROR: Column 'ECI' cannot be null
[2018-09-10 15:19:42.392] [INFO] app - 数据库操作失败:
Error: ER_BAD_NULL_ERROR: Column 'ECI' cannot be null
[2018-09-10 15:19:42.392] [INFO] app - 添加一条弱覆盖信息或导入弱覆盖记录失败:
Error: ER_BAD_NULL_ERROR: Column 'ECI' cannot be null
[2018-09-10 15:19:42.392] [INFO] app - 数据库操作失败:
Error: ER_BAD_NULL_ERROR: Column 'ECI' cannot be null
[2018-09-10 15:19:42.392] [INFO] app - 添加一条弱覆盖信息或导入弱覆盖记录失败:
Error: ER_BAD_NULL_ERROR: Column 'ECI' cannot be null
[2018-09-10 15:40:14.938] [INFO] app - 数据库操作失败:
Error: ER_BAD_NULL_ERROR: Column 'ECI' cannot be null
[2018-09-10 15:40:14.938] [INFO] app - 添加一条弱覆盖信息或导入弱覆盖记录失败:
Error: ER_BAD_NULL_ERROR: Column 'ECI' cannot be null
[2018-09-10 15:40:14.939] [INFO] app - 数据库操作失败:
Error: ER_BAD_NULL_ERROR: Column 'ECI' cannot be null
[2018-09-10 15:40:14.939] [INFO] app - 添加一条弱覆盖信息或导入弱覆盖记录失败:
Error: ER_BAD_NULL_ERROR: Column 'ECI' cannot be null
[2018-09-10 15:40:14.941] [INFO] app - 数据库操作失败:
Error: ER_BAD_NULL_ERROR: Column 'ECI' cannot be null
[2018-09-10 15:40:14.941] [INFO] app - 添加一条弱覆盖信息或导入弱覆盖记录失败:
Error: ER_BAD_NULL_ERROR: Column 'ECI' cannot be null
[2018-09-10 15:40:14.942] [INFO] app - 数据库操作失败:
Error: ER_BAD_NULL_ERROR: Column 'ECI' cannot be null
[2018-09-10 15:40:14.942] [INFO] app - 添加一条弱覆盖信息或导入弱覆盖记录失败:
Error: ER_BAD_NULL_ERROR: Column 'ECI' cannot be null
[2018-09-10 15:40:14.942] [INFO] app - 数据库操作失败:
Error: ER_BAD_NULL_ERROR: Column 'ECI' cannot be null
[2018-09-10 15:40:14.942] [INFO] app - 添加一条弱覆盖信息或导入弱覆盖记录失败:
Error: ER_BAD_NULL_ERROR: Column 'ECI' cannot be null
[2018-09-10 15:40:14.942] [INFO] app - 数据库操作失败:
Error: ER_BAD_NULL_ERROR: Column 'ECI' cannot be null
[2018-09-10 15:40:14.942] [INFO] app - 添加一条弱覆盖信息或导入弱覆盖记录失败:
Error: ER_BAD_NULL_ERROR: Column 'ECI' cannot be null
[2018-09-10 15:40:14.943] [INFO] app - 数据库操作失败:
Error: ER_BAD_NULL_ERROR: Column 'ECI' cannot be null
[2018-09-10 15:40:14.943] [INFO] app - 添加一条弱覆盖信息或导入弱覆盖记录失败:
Error: ER_BAD_NULL_ERROR: Column 'ECI' cannot be null
[2018-09-10 15:40:14.943] [INFO] app - 数据库操作失败:
Error: ER_BAD_NULL_ERROR: Column 'ECI' cannot be null
[2018-09-10 15:40:14.943] [INFO] app - 添加一条弱覆盖信息或导入弱覆盖记录失败:
Error: ER_BAD_NULL_ERROR: Column 'ECI' cannot be null
[2018-09-10 15:50:08.288] [INFO] app - 数据库操作失败:
Error: ER_BAD_NULL_ERROR: Column 'ECI' cannot be null
[2018-09-10 15:50:08.289] [INFO] app - 添加一条弱覆盖信息或导入弱覆盖记录失败:
Error: ER_BAD_NULL_ERROR: Column 'ECI' cannot be null
[2018-09-10 15:50:08.289] [INFO] app - 数据库操作失败:
Error: ER_BAD_NULL_ERROR: Column 'ECI' cannot be null
[2018-09-10 15:50:08.289] [INFO] app - 添加一条弱覆盖信息或导入弱覆盖记录失败:
Error: ER_BAD_NULL_ERROR: Column 'ECI' cannot be null
[2018-09-10 16:04:36.426] [INFO] app - 数据库操作失败:
Error: ER_BAD_FIELD_ERROR: Unknown column 'GPS' in 'field list'
[2018-09-10 16:04:36.427] [INFO] app - 获取弱覆盖记录用于导出失败:
Error: ER_BAD_FIELD_ERROR: Unknown column 'GPS' in 'field list'
[2018-09-10 16:53:03.551] [INFO] app - 数据库操作失败:
Error: ER_BAD_NULL_ERROR: Column 'city' cannot be null
[2018-09-10 16:53:03.552] [INFO] app - 添加一条弱覆盖信息或导入弱覆盖记录失败:
Error: ER_BAD_NULL_ERROR: Column 'city' cannot be null
[2018-09-10 16:53:03.553] [INFO] app - 数据库操作失败:
Error: ER_BAD_NULL_ERROR: Column 'city' cannot be null
[2018-09-10 16:53:03.553] [INFO] app - 添加一条弱覆盖信息或导入弱覆盖记录失败:
Error: ER_BAD_NULL_ERROR: Column 'city' cannot be null
[2018-09-10 16:53:03.553] [INFO] app - 数据库操作失败:
Error: ER_BAD_NULL_ERROR: Column 'city' cannot be null
[2018-09-10 16:53:03.553] [INFO] app - 添加一条弱覆盖信息或导入弱覆盖记录失败:
Error: ER_BAD_NULL_ERROR: Column 'city' cannot be null
[2018-09-10 16:53:03.554] [INFO] app - 数据库操作失败:
Error: ER_BAD_NULL_ERROR: Column 'city' cannot be null
[2018-09-10 16:53:03.554] [INFO] app - 添加一条弱覆盖信息或导入弱覆盖记录失败:
Error: ER_BAD_NULL_ERROR: Column 'city' cannot be null
