[2018-06-12 14:03:33.954] [INFO] app - 数据库操作失败:
Error: ER_ACCESS_DENIED_ERROR: Access denied for user 'root'@'localhost' (using password: YES)
[2018-06-12 14:03:33.955] [INFO] app - 数据库连接失败:
Error: ER_ACCESS_DENIED_ERROR: Access denied for user 'root'@'localhost' (using password: YES)
[2018-06-12 14:03:34.019] [INFO] app - 数据库操作失败:
Error: ER_ACCESS_DENIED_ERROR: Access denied for user 'root'@'localhost' (using password: YES)
[2018-06-12 14:03:34.019] [INFO] app - 获取所有数据查询失败:
Error: ER_ACCESS_DENIED_ERROR: Access denied for user 'root'@'localhost' (using password: YES)
[2018-06-12 14:03:39.194] [INFO] app - 数据库操作失败:
Error: ER_ACCESS_DENIED_ERROR: Access denied for user 'root'@'localhost' (using password: YES)
[2018-06-12 14:03:39.195] [INFO] app - 获取弱覆盖记录总长度失败:
Error: ER_ACCESS_DENIED_ERROR: Access denied for user 'root'@'localhost' (using password: YES)
[2018-06-12 14:03:41.707] [INFO] app - 数据库操作失败:
Error: ER_ACCESS_DENIED_ERROR: Access denied for user 'root'@'localhost' (using password: YES)
[2018-06-12 14:03:41.708] [INFO] app - 数据库连接失败:
Error: ER_ACCESS_DENIED_ERROR: Access denied for user 'root'@'localhost' (using password: YES)
[2018-06-12 14:03:41.779] [INFO] app - 数据库操作失败:
Error: ER_ACCESS_DENIED_ERROR: Access denied for user 'root'@'localhost' (using password: YES)
[2018-06-12 14:03:41.779] [INFO] app - 获取所有数据查询失败:
Error: ER_ACCESS_DENIED_ERROR: Access denied for user 'root'@'localhost' (using password: YES)
