[2018-05-11 11:25:52.831] [INFO] app - 数据库操作失败:
Error: ER_BAD_FIELD_ERROR: Unknown column 'deleteFlag' in 'where clause'
[2018-05-11 11:25:52.832] [INFO] app - 数据库连接失败:
Error: ER_BAD_FIELD_ERROR: Unknown column 'deleteFlag' in 'where clause'
[2018-05-11 11:25:52.908] [INFO] app - 数据库操作失败:
Error: ER_BAD_FIELD_ERROR: Unknown column 'deleteFlag' in 'where clause'
[2018-05-11 11:25:52.908] [INFO] app - 获取所有数据查询失败:
Error: ER_BAD_FIELD_ERROR: Unknown column 'deleteFlag' in 'where clause'
[2018-05-11 11:26:07.146] [INFO] app - 数据库操作失败:
Error: ER_BAD_FIELD_ERROR: Unknown column 'deleteFlag' in 'where clause'
[2018-05-11 11:26:07.147] [INFO] app - 获取弱覆盖记录总长度失败:
Error: ER_BAD_FIELD_ERROR: Unknown column 'deleteFlag' in 'where clause'
[2018-05-11 11:26:10.431] [INFO] app - 数据库操作失败:
Error: ER_BAD_FIELD_ERROR: Unknown column 'deleteFlag' in 'where clause'
[2018-05-11 11:26:10.431] [INFO] app - 数据库连接失败:
Error: ER_BAD_FIELD_ERROR: Unknown column 'deleteFlag' in 'where clause'
[2018-05-11 11:26:10.487] [INFO] app - 数据库操作失败:
Error: ER_BAD_FIELD_ERROR: Unknown column 'deleteFlag' in 'where clause'
[2018-05-11 11:26:10.487] [INFO] app - 获取所有数据查询失败:
Error: ER_BAD_FIELD_ERROR: Unknown column 'deleteFlag' in 'where clause'
